{"uid":"78a6fd38bddb50e","name":"Scenario - Share news with Facebook","fullName":"Feature - Diario AS proof of concept for Prisa: Scenario - Share news with Facebook","historyId":"6427cd47ff6c7a06da46e1c61dcbd4d8","time":{"start":1666183817337,"stop":1666183817524,"duration":187},"status":"skipped","statusMessage":"Could not start a new session. Response code 500. Message: unknown error: Chrome failed to start: exited abnormally.\n  (unknown error: DevToolsActivePort file doesn't exist)\n  (The process started from chrome location /usr/bin/google-chrome is no longer running, so ChromeDriver is assuming that Chrome has crashed.) \nHost info: host: 'fv-az489-833', ip: '10.1.1.13'\nBuild info: version: '4.5.0', revision: 'fe167b119a'\nSystem info: os.name: 'Linux', os.arch: 'amd64', os.version: '5.15.0-1021-azure', java.version: '11.0.16.1'\nDriver info: org.openqa.selenium.chrome.ChromeDriver\nCommand: [null, newSession {capabilities=[Capabilities {browserName: chrome, goog:chromeOptions: {args: [start-maximized, disable-infobars, --disable-extensions, --disable-gpu, --disable-dev-shm-usage, --no-sandbox], extensions: []}}], desiredCapabilities=Capabilities {browserName: chrome, goog:chromeOptions: {args: [start-maximized, disable-infobars, --disable-extensions, --disable-gpu, --disable-dev-shm-usage, --no-sandbox], extensions: []}}}]","statusTrace":"org.openqa.selenium.SessionNotCreatedException: Could not start a new session. Response code 500. Message: unknown error: Chrome failed to start: exited abnormally.\n  (unknown error: DevToolsActivePort file doesn't exist)\n  (The process started from chrome location /usr/bin/google-chrome is no longer running, so ChromeDriver is assuming that Chrome has crashed.) \nHost info: host: 'fv-az489-833', ip: '10.1.1.13'\nBuild info: version: '4.5.0', revision: 'fe167b119a'\nSystem info: os.name: 'Linux', os.arch: 'amd64', os.version: '5.15.0-1021-azure', java.version: '11.0.16.1'\nDriver info: org.openqa.selenium.chrome.ChromeDriver\nCommand: [null, newSession {capabilities=[Capabilities {browserName: chrome, goog:chromeOptions: {args: [start-maximized, disable-infobars, --disable-extensions, --disable-gpu, --disable-dev-shm-usage, --no-sandbox], extensions: []}}], desiredCapabilities=Capabilities {browserName: chrome, goog:chromeOptions: {args: [start-maximized, disable-infobars, --disable-extensions, --disable-gpu, --disable-dev-shm-usage, --no-sandbox], extensions: []}}}]\n\tat org.openqa.selenium.remote.ProtocolHandshake.createSession(ProtocolHandshake.java:144)\n\tat org.openqa.selenium.remote.ProtocolHandshake.createSession(ProtocolHandshake.java:102)\n\tat org.openqa.selenium.remote.ProtocolHandshake.createSession(ProtocolHandshake.java:67)\n\tat org.openqa.selenium.remote.HttpCommandExecutor.execute(HttpCommandExecutor.java:156)\n\tat org.openqa.selenium.remote.service.DriverCommandExecutor.invokeExecute(DriverCommandExecutor.java:167)\n\tat org.openqa.selenium.remote.service.DriverCommandExecutor.execute(DriverCommandExecutor.java:142)\n\tat org.openqa.selenium.remote.RemoteWebDriver.execute(RemoteWebDriver.java:547)\n\tat org.openqa.selenium.remote.RemoteWebDriver.startSession(RemoteWebDriver.java:242)\n\tat org.openqa.selenium.remote.RemoteWebDriver.<init>(RemoteWebDriver.java:157)\n\tat org.openqa.selenium.chromium.ChromiumDriver.<init>(ChromiumDriver.java:101)\n\tat org.openqa.selenium.chrome.ChromeDriver.<init>(ChromeDriver.java:81)\n\tat org.openqa.selenium.chrome.ChromeDriver.<init>(ChromeDriver.java:70)\n\tat com.prisa.poc.stepDefinitions.Hooks.setUp(Hooks.java:56)\n","flaky":false,"newFailed":false,"newBroken":false,"newPassed":false,"retriesCount":0,"retriesStatusChange":false,"beforeStages":[{"name":"com.prisa.poc.stepDefinitions.Hooks.setUp()","time":{"start":1666183817337,"stop":1666183817512,"duration":175},"status":"broken","statusMessage":"BEFORE is failed: Could not start a new session. Response code 500. Message: unknown error: Chrome failed to start: exited abnormally.\n  (unknown error: DevToolsActivePort file doesn't exist)\n  (The process started from chrome location /usr/bin/google-chrome is no longer running, so ChromeDriver is assuming that Chrome has crashed.) \nHost info: host: 'fv-az489-833', ip: '10.1.1.13'\nBuild info: version: '4.5.0', revision: 'fe167b119a'\nSystem info: os.name: 'Linux', os.arch: 'amd64', os.version: '5.15.0-1021-azure', java.version: '11.0.16.1'\nDriver info: org.openqa.selenium.chrome.ChromeDriver\nCommand: [null, newSession {capabilities=[Capabilities {browserName: chrome, goog:chromeOptions: {args: [start-maximized, disable-infobars, --disable-extensions, --disable-gpu, --disable-dev-shm-usage, --no-sandbox], extensions: []}}], desiredCapabilities=Capabilities {browserName: chrome, goog:chromeOptions: {args: [start-maximized, disable-infobars, --disable-extensions, --disable-gpu, --disable-dev-shm-usage, --no-sandbox], extensions: []}}}]","statusTrace":"org.openqa.selenium.SessionNotCreatedException: Could not start a new session. Response code 500. Message: unknown error: Chrome failed to start: exited abnormally.\n  (unknown error: DevToolsActivePort file doesn't exist)\n  (The process started from chrome location /usr/bin/google-chrome is no longer running, so ChromeDriver is assuming that Chrome has crashed.) \nHost info: host: 'fv-az489-833', ip: '10.1.1.13'\nBuild info: version: '4.5.0', revision: 'fe167b119a'\nSystem info: os.name: 'Linux', os.arch: 'amd64', os.version: '5.15.0-1021-azure', java.version: '11.0.16.1'\nDriver info: org.openqa.selenium.chrome.ChromeDriver\nCommand: [null, newSession {capabilities=[Capabilities {browserName: chrome, goog:chromeOptions: {args: [start-maximized, disable-infobars, --disable-extensions, --disable-gpu, --disable-dev-shm-usage, --no-sandbox], extensions: []}}], desiredCapabilities=Capabilities {browserName: chrome, goog:chromeOptions: {args: [start-maximized, disable-infobars, --disable-extensions, --disable-gpu, --disable-dev-shm-usage, --no-sandbox], extensions: []}}}]\n\tat org.openqa.selenium.remote.ProtocolHandshake.createSession(ProtocolHandshake.java:144)\n\tat org.openqa.selenium.remote.ProtocolHandshake.createSession(ProtocolHandshake.java:102)\n\tat org.openqa.selenium.remote.ProtocolHandshake.createSession(ProtocolHandshake.java:67)\n\tat org.openqa.selenium.remote.HttpCommandExecutor.execute(HttpCommandExecutor.java:156)\n\tat org.openqa.selenium.remote.service.DriverCommandExecutor.invokeExecute(DriverCommandExecutor.java:167)\n\tat org.openqa.selenium.remote.service.DriverCommandExecutor.execute(DriverCommandExecutor.java:142)\n\tat org.openqa.selenium.remote.RemoteWebDriver.execute(RemoteWebDriver.java:547)\n\tat org.openqa.selenium.remote.RemoteWebDriver.startSession(RemoteWebDriver.java:242)\n\tat org.openqa.selenium.remote.RemoteWebDriver.<init>(RemoteWebDriver.java:157)\n\tat org.openqa.selenium.chromium.ChromiumDriver.<init>(ChromiumDriver.java:101)\n\tat org.openqa.selenium.chrome.ChromeDriver.<init>(ChromeDriver.java:81)\n\tat org.openqa.selenium.chrome.ChromeDriver.<init>(ChromeDriver.java:70)\n\tat com.prisa.poc.stepDefinitions.Hooks.setUp(Hooks.java:56)\n","steps":[],"attachments":[],"parameters":[],"stepsCount":0,"attachmentsCount":0,"shouldDisplayMessage":true,"hasContent":true}],"testStage":{"status":"skipped","statusMessage":"Could not start a new session. Response code 500. Message: unknown error: Chrome failed to start: exited abnormally.\n  (unknown error: DevToolsActivePort file doesn't exist)\n  (The process started from chrome location /usr/bin/google-chrome is no longer running, so ChromeDriver is assuming that Chrome has crashed.) \nHost info: host: 'fv-az489-833', ip: '10.1.1.13'\nBuild info: version: '4.5.0', revision: 'fe167b119a'\nSystem info: os.name: 'Linux', os.arch: 'amd64', os.version: '5.15.0-1021-azure', java.version: '11.0.16.1'\nDriver info: org.openqa.selenium.chrome.ChromeDriver\nCommand: [null, newSession {capabilities=[Capabilities {browserName: chrome, goog:chromeOptions: {args: [start-maximized, disable-infobars, --disable-extensions, --disable-gpu, --disable-dev-shm-usage, --no-sandbox], extensions: []}}], desiredCapabilities=Capabilities {browserName: chrome, goog:chromeOptions: {args: [start-maximized, disable-infobars, --disable-extensions, --disable-gpu, --disable-dev-shm-usage, --no-sandbox], extensions: []}}}]","statusTrace":"org.openqa.selenium.SessionNotCreatedException: Could not start a new session. Response code 500. Message: unknown error: Chrome failed to start: exited abnormally.\n  (unknown error: DevToolsActivePort file doesn't exist)\n  (The process started from chrome location /usr/bin/google-chrome is no longer running, so ChromeDriver is assuming that Chrome has crashed.) \nHost info: host: 'fv-az489-833', ip: '10.1.1.13'\nBuild info: version: '4.5.0', revision: 'fe167b119a'\nSystem info: os.name: 'Linux', os.arch: 'amd64', os.version: '5.15.0-1021-azure', java.version: '11.0.16.1'\nDriver info: org.openqa.selenium.chrome.ChromeDriver\nCommand: [null, newSession {capabilities=[Capabilities {browserName: chrome, goog:chromeOptions: {args: [start-maximized, disable-infobars, --disable-extensions, --disable-gpu, --disable-dev-shm-usage, --no-sandbox], extensions: []}}], desiredCapabilities=Capabilities {browserName: chrome, goog:chromeOptions: {args: [start-maximized, disable-infobars, --disable-extensions, --disable-gpu, --disable-dev-shm-usage, --no-sandbox], extensions: []}}}]\n\tat org.openqa.selenium.remote.ProtocolHandshake.createSession(ProtocolHandshake.java:144)\n\tat org.openqa.selenium.remote.ProtocolHandshake.createSession(ProtocolHandshake.java:102)\n\tat org.openqa.selenium.remote.ProtocolHandshake.createSession(ProtocolHandshake.java:67)\n\tat org.openqa.selenium.remote.HttpCommandExecutor.execute(HttpCommandExecutor.java:156)\n\tat org.openqa.selenium.remote.service.DriverCommandExecutor.invokeExecute(DriverCommandExecutor.java:167)\n\tat org.openqa.selenium.remote.service.DriverCommandExecutor.execute(DriverCommandExecutor.java:142)\n\tat org.openqa.selenium.remote.RemoteWebDriver.execute(RemoteWebDriver.java:547)\n\tat org.openqa.selenium.remote.RemoteWebDriver.startSession(RemoteWebDriver.java:242)\n\tat org.openqa.selenium.remote.RemoteWebDriver.<init>(RemoteWebDriver.java:157)\n\tat org.openqa.selenium.chromium.ChromiumDriver.<init>(ChromiumDriver.java:101)\n\tat org.openqa.selenium.chrome.ChromeDriver.<init>(ChromeDriver.java:81)\n\tat org.openqa.selenium.chrome.ChromeDriver.<init>(ChromeDriver.java:70)\n\tat com.prisa.poc.stepDefinitions.Hooks.setUp(Hooks.java:56)\n","steps":[{"name":"Given  The user is on the as.com home page","time":{"start":1666183817513,"stop":1666183817513,"duration":0},"status":"skipped","steps":[],"attachments":[],"parameters":[],"stepsCount":0,"attachmentsCount":0,"shouldDisplayMessage":false,"hasContent":false},{"name":"And  The user accepts cookies pop-up","time":{"start":1666183817513,"stop":1666183817514,"duration":1},"status":"skipped","steps":[],"attachments":[],"parameters":[],"stepsCount":0,"attachmentsCount":0,"shouldDisplayMessage":false,"hasContent":false},{"name":"When  The user clicks on the title of the first news","time":{"start":1666183817514,"stop":1666183817514,"duration":0},"status":"skipped","steps":[],"attachments":[],"parameters":[],"stepsCount":0,"attachmentsCount":0,"shouldDisplayMessage":false,"hasContent":false},{"name":"Then  The user is on the selected news page","time":{"start":1666183817515,"stop":1666183817518,"duration":3},"status":"skipped","steps":[],"attachments":[],"parameters":[],"stepsCount":0,"attachmentsCount":0,"shouldDisplayMessage":false,"hasContent":false},{"name":"When  The user clicks the Facebook icon","time":{"start":1666183817519,"stop":1666183817520,"duration":1},"status":"skipped","steps":[],"attachments":[],"parameters":[],"stepsCount":0,"attachmentsCount":0,"shouldDisplayMessage":false,"hasContent":false},{"name":"Then  The Facebook share window is displayed","time":{"start":1666183817520,"stop":1666183817520,"duration":0},"status":"skipped","steps":[],"attachments":[],"parameters":[],"stepsCount":0,"attachmentsCount":0,"shouldDisplayMessage":false,"hasContent":false}],"attachments":[],"parameters":[],"stepsCount":6,"attachmentsCount":0,"shouldDisplayMessage":true,"hasContent":true},"afterStages":[{"name":"com.prisa.poc.stepDefinitions.Hooks.tearDown(io.cucumber.java.Scenario)","time":{"start":1666183817521,"stop":1666183817521,"duration":0},"status":"broken","statusMessage":"AFTER is failed: null","statusTrace":"java.lang.NullPointerException\n\tat com.prisa.poc.stepDefinitions.Hooks.tearDown(Hooks.java:69)\n","steps":[],"attachments":[],"parameters":[],"stepsCount":0,"attachmentsCount":0,"shouldDisplayMessage":true,"hasContent":true}],"labels":[{"name":"tag","value":"as.com"},{"name":"tag","value":"Case03"},{"name":"tag","value":"Facebook"},{"name":"host","value":"fv-az489-833"},{"name":"thread","value":"1701@fv-az489-833.main(1)"},{"name":"feature","value":"Feature - Diario AS proof of concept for Prisa"},{"name":"story","value":"Scenario - Share news with Facebook"},{"name":"suite","value":"Feature - Diario AS proof of concept for Prisa"},{"name":"testClass","value":"Scenario - Share news with Facebook"},{"name":"framework","value":"cucumber4jvm"},{"name":"language","value":"java"},{"name":"gherkin_uri","value":"file:///home/runner/work/POC_Selenium/POC_Selenium/src/test/resources/functionalTest/diarioAS.feature"},{"name":"package","value":"src.test.resources.functionalTest.diarioAS_feature.Feature - Diario AS proof of concept for Prisa"},{"name":"resultFormat","value":"allure2"}],"parameters":[],"links":[{"name":"1234","type":"issue"},{"name":"4321","type":"tms"}],"hidden":false,"retry":false,"extra":{"severity":"normal","retries":[],"categories":[],"history":{"statistic":{"failed":0,"broken":2,"skipped":2,"passed":2,"unknown":0,"total":6},"items":[{"uid":"a9c890d91605bcb1","reportUrl":"https://hiberus-prisa-qa-devops.github.io/POC_Selenium/51//#testresult/a9c890d91605bcb1","status":"skipped","statusDetails":"Could not start a new session. Response code 500. Message: unknown error: Chrome failed to start: exited abnormally.\n  (chrome not reachable)\n  (The process started from chrome location /usr/bin/google-chrome is no longer running, so ChromeDriver is assuming that Chrome has crashed.) \nHost info: host: 'fv-az224-69', ip: '10.1.0.154'\nBuild info: version: '4.5.0', revision: 'fe167b119a'\nSystem info: os.name: 'Linux', os.arch: 'amd64', os.version: '5.15.0-1020-azure', java.version: '11.0.16.1'\nDriver info: org.openqa.selenium.chrome.ChromeDriver\nCommand: [null, newSession {capabilities=[Capabilities {browserName: chrome, goog:chromeOptions: {args: [--no-sandbox, --disable-gpu, --disable-dev-shm-usage, --disable-web-security, --enable-javascript, --remote-debugging-port=9222], extensions: []}}], desiredCapabilities=Capabilities {browserName: chrome, goog:chromeOptions: {args: [--no-sandbox, --disable-gpu, --disable-dev-shm-usage, --disable-web-security, --enable-javascript, --remote-debugging-port=9222], extensions: []}}}]","time":{"start":1666183592616,"stop":1666183593710,"duration":1094}},{"uid":"10f1b79882700249","reportUrl":"https://hiberus-prisa-qa-devops.github.io/POC_Selenium/50//#testresult/10f1b79882700249","status":"broken","statusDetails":"Build info: version: '4.5.0', revision: 'fe167b119a'\nSystem info: os.name: 'Mac OS X', os.arch: 'x86_64', os.version: '12.6', java.version: '11.0.16.1'\nDriver info: org.openqa.selenium.safari.SafariDriver\nCommand: [FACBA916-FB60-447B-AC89-6A338BCAEBC0, findElement {using=xpath, value=//a[@name='Navegar a facebook']}]\nCapabilities {acceptInsecureCerts: false, browserName: Safari, browserVersion: 16.0, platformName: MAC, safari:automaticInspection: false, safari:automaticProfiling: false, safari:diagnose: false, safari:platformBuildVersion: 21G115, safari:platformVersion: 12.6, safari:useSimulator: false, setWindowRect: true, strictFileInteractability: false, webkit:WebRTC: {DisableICECandidateFiltering: false, DisableInsecureMediaCapture: false}}\nSession ID: FACBA916-FB60-447B-AC89-6A338BCAEBC0","time":{"start":1666183072311,"stop":1666183091328,"duration":19017}},{"uid":"fed195f968087a6a","reportUrl":"https://hiberus-prisa-qa-devops.github.io/POC_Selenium/49//#testresult/fed195f968087a6a","status":"passed","time":{"start":1666183006701,"stop":1666183039051,"duration":32350}},{"uid":"25ecdc7eb1910ddc","reportUrl":"https://hiberus-prisa-qa-devops.github.io/POC_Selenium/48//#testresult/25ecdc7eb1910ddc","status":"passed","time":{"start":1666182495742,"stop":1666182527099,"duration":31357}},{"uid":"1b4af61ce4d00c0b","reportUrl":"https://hiberus-prisa-qa-devops.github.io/POC_Selenium/47//#testresult/1b4af61ce4d00c0b","status":"broken","statusDetails":"Build info: version: '4.5.0', revision: 'fe167b119a'\nSystem info: os.name: 'Mac OS X', os.arch: 'x86_64', os.version: '12.6', java.version: '11.0.16.1'\nDriver info: org.openqa.selenium.safari.SafariDriver\nCommand: [265B03B5-C280-40F3-8A41-E944B23F46AF, clickElement {id=node-B31918B1-4D72-4C0D-908F-FE2C375EA4CD}]\nCapabilities {acceptInsecureCerts: false, browserName: Safari, browserVersion: 16.0, platformName: MAC, safari:automaticInspection: false, safari:automaticProfiling: false, safari:diagnose: false, safari:platformBuildVersion: 21G115, safari:platformVersion: 12.6, safari:useSimulator: false, setWindowRect: true, strictFileInteractability: false, webkit:WebRTC: {DisableICECandidateFiltering: false, DisableInsecureMediaCapture: false}}\nElement: [[SafariDriver: Safari on MAC (265B03B5-C280-40F3-8A41-E944B23F46AF)] -> css selector: article h2.s__tl a]\nSession ID: 265B03B5-C280-40F3-8A41-E944B23F46AF","time":{"start":1666178685421,"stop":1666178703501,"duration":18080}}]},"tags":["Case03","as.com","Facebook"]},"source":"78a6fd38bddb50e.json","parameterValues":[]}