{"uid":"f030aba3849a428","name":"Scenario - Share news with Facebook","fullName":"Feature - Diario AS proof of concept for Prisa: Scenario - Share news with Facebook","historyId":"6427cd47ff6c7a06da46e1c61dcbd4d8","time":{"start":1666076788240,"stop":1666076788270,"duration":30},"status":"skipped","statusMessage":"Unable to find driver executable: /usr/bin/safaridriver(SafariDriver requires Safari 10 running on OSX El Capitan or greater.)\nBuild info: version: '4.5.0', revision: 'fe167b119a'\nSystem info: os.name: 'Linux', os.arch: 'amd64', os.version: '5.15.0-1021-azure', java.version: '11.0.16.1'\nDriver info: driver.version: SafariDriver","statusTrace":"org.openqa.selenium.WebDriverException: Unable to find driver executable: /usr/bin/safaridriver(SafariDriver requires Safari 10 running on OSX El Capitan or greater.)\nBuild info: version: '4.5.0', revision: 'fe167b119a'\nSystem info: os.name: 'Linux', os.arch: 'amd64', os.version: '5.15.0-1021-azure', java.version: '11.0.16.1'\nDriver info: driver.version: SafariDriver\n\tat org.openqa.selenium.safari.SafariDriverService$Builder.findDefaultExecutable(SafariDriverService.java:110)\n\tat org.openqa.selenium.remote.service.DriverService$Builder.build(DriverService.java:437)\n\tat org.openqa.selenium.safari.SafariDriverService.createDefaultService(SafariDriverService.java:67)\n\tat org.openqa.selenium.safari.SafariDriver.<init>(SafariDriver.java:60)\n\tat org.openqa.selenium.safari.SafariDriver.<init>(SafariDriver.java:49)\n\tat com.prisa.poc.stepDefinitions.Hooks.setUp(Hooks.java:44)\n","flaky":false,"newFailed":false,"newBroken":false,"newPassed":false,"retriesCount":0,"retriesStatusChange":false,"beforeStages":[{"name":"com.prisa.poc.stepDefinitions.Hooks.setUp()","time":{"start":1666076788242,"stop":1666076788254,"duration":12},"status":"broken","statusMessage":"BEFORE is failed: Unable to find driver executable: /usr/bin/safaridriver(SafariDriver requires Safari 10 running on OSX El Capitan or greater.)\nBuild info: version: '4.5.0', revision: 'fe167b119a'\nSystem info: os.name: 'Linux', os.arch: 'amd64', os.version: '5.15.0-1021-azure', java.version: '11.0.16.1'\nDriver info: driver.version: SafariDriver","statusTrace":"org.openqa.selenium.WebDriverException: Unable to find driver executable: /usr/bin/safaridriver(SafariDriver requires Safari 10 running on OSX El Capitan or greater.)\nBuild info: version: '4.5.0', revision: 'fe167b119a'\nSystem info: os.name: 'Linux', os.arch: 'amd64', os.version: '5.15.0-1021-azure', java.version: '11.0.16.1'\nDriver info: driver.version: SafariDriver\n\tat org.openqa.selenium.safari.SafariDriverService$Builder.findDefaultExecutable(SafariDriverService.java:110)\n\tat org.openqa.selenium.remote.service.DriverService$Builder.build(DriverService.java:437)\n\tat org.openqa.selenium.safari.SafariDriverService.createDefaultService(SafariDriverService.java:67)\n\tat org.openqa.selenium.safari.SafariDriver.<init>(SafariDriver.java:60)\n\tat org.openqa.selenium.safari.SafariDriver.<init>(SafariDriver.java:49)\n\tat com.prisa.poc.stepDefinitions.Hooks.setUp(Hooks.java:44)\n","steps":[],"attachments":[],"parameters":[],"stepsCount":0,"attachmentsCount":0,"shouldDisplayMessage":true,"hasContent":true}],"testStage":{"status":"skipped","statusMessage":"Unable to find driver executable: /usr/bin/safaridriver(SafariDriver requires Safari 10 running on OSX El Capitan or greater.)\nBuild info: version: '4.5.0', revision: 'fe167b119a'\nSystem info: os.name: 'Linux', os.arch: 'amd64', os.version: '5.15.0-1021-azure', java.version: '11.0.16.1'\nDriver info: driver.version: SafariDriver","statusTrace":"org.openqa.selenium.WebDriverException: Unable to find driver executable: /usr/bin/safaridriver(SafariDriver requires Safari 10 running on OSX El Capitan or greater.)\nBuild info: version: '4.5.0', revision: 'fe167b119a'\nSystem info: os.name: 'Linux', os.arch: 'amd64', os.version: '5.15.0-1021-azure', java.version: '11.0.16.1'\nDriver info: driver.version: SafariDriver\n\tat org.openqa.selenium.safari.SafariDriverService$Builder.findDefaultExecutable(SafariDriverService.java:110)\n\tat org.openqa.selenium.remote.service.DriverService$Builder.build(DriverService.java:437)\n\tat org.openqa.selenium.safari.SafariDriverService.createDefaultService(SafariDriverService.java:67)\n\tat org.openqa.selenium.safari.SafariDriver.<init>(SafariDriver.java:60)\n\tat org.openqa.selenium.safari.SafariDriver.<init>(SafariDriver.java:49)\n\tat com.prisa.poc.stepDefinitions.Hooks.setUp(Hooks.java:44)\n","steps":[{"name":"Given  The user is on the as.com home page","time":{"start":1666076788256,"stop":1666076788257,"duration":1},"status":"skipped","steps":[],"attachments":[],"parameters":[],"stepsCount":0,"attachmentsCount":0,"shouldDisplayMessage":false,"hasContent":false},{"name":"And  The user accepts cookies pop-up","time":{"start":1666076788259,"stop":1666076788259,"duration":0},"status":"skipped","steps":[],"attachments":[],"parameters":[],"stepsCount":0,"attachmentsCount":0,"shouldDisplayMessage":false,"hasContent":false},{"name":"When  The user clicks on the title of the first news","time":{"start":1666076788260,"stop":1666076788260,"duration":0},"status":"skipped","steps":[],"attachments":[],"parameters":[],"stepsCount":0,"attachmentsCount":0,"shouldDisplayMessage":false,"hasContent":false},{"name":"Then  The user is on the selected news page","time":{"start":1666076788260,"stop":1666076788261,"duration":1},"status":"skipped","steps":[],"attachments":[],"parameters":[],"stepsCount":0,"attachmentsCount":0,"shouldDisplayMessage":false,"hasContent":false},{"name":"When  The user clicks the Facebook icon","time":{"start":1666076788261,"stop":1666076788263,"duration":2},"status":"skipped","steps":[],"attachments":[],"parameters":[],"stepsCount":0,"attachmentsCount":0,"shouldDisplayMessage":false,"hasContent":false},{"name":"Then  The Facebook share window is displayed","time":{"start":1666076788263,"stop":1666076788264,"duration":1},"status":"skipped","steps":[],"attachments":[],"parameters":[],"stepsCount":0,"attachmentsCount":0,"shouldDisplayMessage":false,"hasContent":false}],"attachments":[],"parameters":[],"stepsCount":6,"attachmentsCount":0,"shouldDisplayMessage":true,"hasContent":true},"afterStages":[{"name":"com.prisa.poc.stepDefinitions.Hooks.tearDown(io.cucumber.java.Scenario)","time":{"start":1666076788264,"stop":1666076788266,"duration":2},"status":"broken","statusMessage":"AFTER is failed: null","statusTrace":"java.lang.NullPointerException\n\tat com.prisa.poc.stepDefinitions.Hooks.tearDown(Hooks.java:67)\n","steps":[],"attachments":[],"parameters":[],"stepsCount":0,"attachmentsCount":0,"shouldDisplayMessage":true,"hasContent":true}],"labels":[{"name":"tag","value":"as.com"},{"name":"tag","value":"Case03"},{"name":"tag","value":"Facebook"},{"name":"host","value":"fv-az424-500"},{"name":"thread","value":"2295@fv-az424-500.main(1)"},{"name":"feature","value":"Feature - Diario AS proof of concept for Prisa"},{"name":"story","value":"Scenario - Share news with Facebook"},{"name":"suite","value":"Feature - Diario AS proof of concept for Prisa"},{"name":"testClass","value":"Scenario - Share news with Facebook"},{"name":"framework","value":"cucumber4jvm"},{"name":"language","value":"java"},{"name":"gherkin_uri","value":"file:///home/runner/work/POC_Selenium/POC_Selenium/src/test/resources/functionalTest/diarioAS.feature"},{"name":"package","value":"src.test.resources.functionalTest.diarioAS_feature.Feature - Diario AS proof of concept for Prisa"},{"name":"resultFormat","value":"allure2"}],"parameters":[],"links":[{"name":"1234","type":"issue"},{"name":"4321","type":"tms"}],"hidden":false,"retry":false,"extra":{"severity":"normal","retries":[],"categories":[],"history":{"statistic":{"failed":0,"broken":2,"skipped":1,"passed":8,"unknown":0,"total":11},"items":[{"uid":"9171c3b78f91ec8a","reportUrl":"https://hiberus-prisa-qa-devops.github.io/POC_Selenium/18//#testresult/9171c3b78f91ec8a","status":"passed","time":{"start":1666076275414,"stop":1666076309731,"duration":34317}},{"uid":"fd1b815879a5dd9c","reportUrl":"https://hiberus-prisa-qa-devops.github.io/POC_Selenium/17//#testresult/fd1b815879a5dd9c","status":"passed","time":{"start":1666075656883,"stop":1666075685777,"duration":28894}},{"uid":"dd267a99524a576","reportUrl":"https://hiberus-prisa-qa-devops.github.io/POC_Selenium/16//#testresult/dd267a99524a576","status":"passed","time":{"start":1666033850800,"stop":1666033878576,"duration":27776}},{"uid":"a08c6d78337af0ce","reportUrl":"https://hiberus-prisa-qa-devops.github.io/POC_Selenium/15//#testresult/a08c6d78337af0ce","status":"passed","time":{"start":1666033154848,"stop":1666033189144,"duration":34296}},{"uid":"ef6b094c13f5e3ed","reportUrl":"https://hiberus-prisa-qa-devops.github.io/POC_Selenium/14//#testresult/ef6b094c13f5e3ed","status":"broken","statusDetails":"no such element: Unable to locate element: {\"method\":\"xpath\",\"selector\":\"//a[@name='Navegar a facebook']\"}\n  (Session info: headless chrome=106.0.5249.91)\nFor documentation on this error, please visit: https://selenium.dev/exceptions/#no_such_element\nBuild info: version: '4.5.0', revision: 'fe167b119a'\nSystem info: os.name: 'Linux', os.arch: 'amd64', os.version: '5.15.0-1020-azure', java.version: '11.0.16.1'\nDriver info: org.openqa.selenium.chrome.ChromeDriver\nCommand: [6a42acf801aad816a48f861482bd6ab0, findElement {using=xpath, value=//a[@name='Navegar a facebook']}]\nCapabilities {acceptInsecureCerts: false, browserName: chrome, browserVersion: 106.0.5249.91, chrome: {chromedriverVersion: 106.0.5249.61 (511755355844..., userDataDir: /tmp/.com.google.Chrome.7GqDKY}, goog:chromeOptions: {debuggerAddress: localhost:40161}, networkConnectionEnabled: false, pageLoadStrategy: normal, platformName: LINUX, proxy: Proxy(), se:cdp: ws://localhost:40161/devtoo..., se:cdpVersion: 106.0.5249.91, setWindowRect: true, strictFileInteractability: false, timeouts: {implicit: 0, pageLoad: 300000, script: 30000}, unhandledPromptBehavior: dismiss and notify, webauthn:extension:credBlob: true, webauthn:extension:largeBlob: true, webauthn:virtualAuthenticators: true}\nSession ID: 6a42acf801aad816a48f861482bd6ab0","time":{"start":1666023686923,"stop":1666023755099,"duration":68176}},{"uid":"c10230abe8f21061","reportUrl":"https://hiberus-prisa-qa-devops.github.io/POC_Selenium/13//#testresult/c10230abe8f21061","status":"broken","statusDetails":"no such element: Unable to locate element: {\"method\":\"xpath\",\"selector\":\"//a[@name='Navegar a facebook']\"}\n  (Session info: headless chrome=106.0.5249.91)\nFor documentation on this error, please visit: https://selenium.dev/exceptions/#no_such_element\nBuild info: version: '4.5.0', revision: 'fe167b119a'\nSystem info: os.name: 'Linux', os.arch: 'amd64', os.version: '5.15.0-1020-azure', java.version: '11.0.16.1'\nDriver info: org.openqa.selenium.chrome.ChromeDriver\nCommand: [21ebc1942f04525d784e5a084ed208f2, findElement {using=xpath, value=//a[@name='Navegar a facebook']}]\nCapabilities {acceptInsecureCerts: false, browserName: chrome, browserVersion: 106.0.5249.91, chrome: {chromedriverVersion: 106.0.5249.61 (511755355844..., userDataDir: /tmp/.com.google.Chrome.o5JNFL}, goog:chromeOptions: {debuggerAddress: localhost:44831}, networkConnectionEnabled: false, pageLoadStrategy: normal, platformName: LINUX, proxy: Proxy(), se:cdp: ws://localhost:44831/devtoo..., se:cdpVersion: 106.0.5249.91, setWindowRect: true, strictFileInteractability: false, timeouts: {implicit: 0, pageLoad: 300000, script: 30000}, unhandledPromptBehavior: dismiss and notify, webauthn:extension:credBlob: true, webauthn:extension:largeBlob: true, webauthn:virtualAuthenticators: true}\nSession ID: 21ebc1942f04525d784e5a084ed208f2","time":{"start":1666023102873,"stop":1666023139275,"duration":36402}},{"uid":"be5fb605cd716ca","reportUrl":"https://hiberus-prisa-qa-devops.github.io/POC_Selenium/12//#testresult/be5fb605cd716ca","status":"passed","time":{"start":1665999604438,"stop":1665999633071,"duration":28633}},{"uid":"6ed63a2b03e3d5c6","reportUrl":"https://hiberus-prisa-qa-devops.github.io/POC_Selenium/11//#testresult/6ed63a2b03e3d5c6","status":"passed","time":{"start":1665998015879,"stop":1665998042169,"duration":26290}},{"uid":"38c7adf44cba9383","reportUrl":"https://hiberus-prisa-qa-devops.github.io/POC_Selenium/10//#testresult/38c7adf44cba9383","status":"passed","time":{"start":1665992188271,"stop":1665992215229,"duration":26958}},{"uid":"a48bc4d5d936e838","reportUrl":"https://hiberus-prisa-qa-devops.github.io/POC_Selenium/9//#testresult/a48bc4d5d936e838","status":"passed","time":{"start":1665991517631,"stop":1665991545841,"duration":28210}}]},"tags":["Case03","as.com","Facebook"]},"source":"f030aba3849a428.json","parameterValues":[]}