{"uid":"31b564167990770e","name":"Scenario - Share news with Facebook","fullName":"Feature - Diario AS proof of concept for Prisa: Scenario - Share news with Facebook","historyId":"6427cd47ff6c7a06da46e1c61dcbd4d8","time":{"start":1666187319623,"stop":1666187319667,"duration":44},"status":"skipped","statusMessage":"Unable to find driver executable: /usr/bin/safaridriver(SafariDriver requires Safari 10 running on OSX El Capitan or greater.)\nBuild info: version: '4.5.0', revision: 'fe167b119a'\nSystem info: os.name: 'Linux', os.arch: 'amd64', os.version: '5.15.0-1020-azure', java.version: '11.0.16.1'\nDriver info: driver.version: SafariDriver","statusTrace":"org.openqa.selenium.WebDriverException: Unable to find driver executable: /usr/bin/safaridriver(SafariDriver requires Safari 10 running on OSX El Capitan or greater.)\nBuild info: version: '4.5.0', revision: 'fe167b119a'\nSystem info: os.name: 'Linux', os.arch: 'amd64', os.version: '5.15.0-1020-azure', java.version: '11.0.16.1'\nDriver info: driver.version: SafariDriver\n\tat org.openqa.selenium.safari.SafariDriverService$Builder.findDefaultExecutable(SafariDriverService.java:110)\n\tat org.openqa.selenium.remote.service.DriverService$Builder.build(DriverService.java:437)\n\tat org.openqa.selenium.safari.SafariDriverService.createDefaultService(SafariDriverService.java:67)\n\tat org.openqa.selenium.safari.SafariDriver.<init>(SafariDriver.java:60)\n\tat org.openqa.selenium.safari.SafariDriver.<init>(SafariDriver.java:49)\n\tat com.prisa.poc.stepDefinitions.Hooks.setUp(Hooks.java:44)\n","flaky":false,"newFailed":false,"newBroken":false,"newPassed":false,"retriesCount":0,"retriesStatusChange":false,"beforeStages":[{"name":"com.prisa.poc.stepDefinitions.Hooks.setUp()","time":{"start":1666187319623,"stop":1666187319639,"duration":16},"status":"broken","statusMessage":"BEFORE is failed: Unable to find driver executable: /usr/bin/safaridriver(SafariDriver requires Safari 10 running on OSX El Capitan or greater.)\nBuild info: version: '4.5.0', revision: 'fe167b119a'\nSystem info: os.name: 'Linux', os.arch: 'amd64', os.version: '5.15.0-1020-azure', java.version: '11.0.16.1'\nDriver info: driver.version: SafariDriver","statusTrace":"org.openqa.selenium.WebDriverException: Unable to find driver executable: /usr/bin/safaridriver(SafariDriver requires Safari 10 running on OSX El Capitan or greater.)\nBuild info: version: '4.5.0', revision: 'fe167b119a'\nSystem info: os.name: 'Linux', os.arch: 'amd64', os.version: '5.15.0-1020-azure', java.version: '11.0.16.1'\nDriver info: driver.version: SafariDriver\n\tat org.openqa.selenium.safari.SafariDriverService$Builder.findDefaultExecutable(SafariDriverService.java:110)\n\tat org.openqa.selenium.remote.service.DriverService$Builder.build(DriverService.java:437)\n\tat org.openqa.selenium.safari.SafariDriverService.createDefaultService(SafariDriverService.java:67)\n\tat org.openqa.selenium.safari.SafariDriver.<init>(SafariDriver.java:60)\n\tat org.openqa.selenium.safari.SafariDriver.<init>(SafariDriver.java:49)\n\tat com.prisa.poc.stepDefinitions.Hooks.setUp(Hooks.java:44)\n","steps":[],"attachments":[],"parameters":[],"hasContent":true,"stepsCount":0,"attachmentsCount":0,"shouldDisplayMessage":true}],"testStage":{"status":"skipped","statusMessage":"Unable to find driver executable: /usr/bin/safaridriver(SafariDriver requires Safari 10 running on OSX El Capitan or greater.)\nBuild info: version: '4.5.0', revision: 'fe167b119a'\nSystem info: os.name: 'Linux', os.arch: 'amd64', os.version: '5.15.0-1020-azure', java.version: '11.0.16.1'\nDriver info: driver.version: SafariDriver","statusTrace":"org.openqa.selenium.WebDriverException: Unable to find driver executable: /usr/bin/safaridriver(SafariDriver requires Safari 10 running on OSX El Capitan or greater.)\nBuild info: version: '4.5.0', revision: 'fe167b119a'\nSystem info: os.name: 'Linux', os.arch: 'amd64', os.version: '5.15.0-1020-azure', java.version: '11.0.16.1'\nDriver info: driver.version: SafariDriver\n\tat org.openqa.selenium.safari.SafariDriverService$Builder.findDefaultExecutable(SafariDriverService.java:110)\n\tat org.openqa.selenium.remote.service.DriverService$Builder.build(DriverService.java:437)\n\tat org.openqa.selenium.safari.SafariDriverService.createDefaultService(SafariDriverService.java:67)\n\tat org.openqa.selenium.safari.SafariDriver.<init>(SafariDriver.java:60)\n\tat org.openqa.selenium.safari.SafariDriver.<init>(SafariDriver.java:49)\n\tat com.prisa.poc.stepDefinitions.Hooks.setUp(Hooks.java:44)\n","steps":[{"name":"Given  The user is on the as.com home page","time":{"start":1666187319640,"stop":1666187319643,"duration":3},"status":"skipped","steps":[],"attachments":[],"parameters":[],"hasContent":false,"stepsCount":0,"attachmentsCount":0,"shouldDisplayMessage":false},{"name":"And  The user accepts cookies pop-up","time":{"start":1666187319644,"stop":1666187319650,"duration":6},"status":"skipped","steps":[],"attachments":[],"parameters":[],"hasContent":false,"stepsCount":0,"attachmentsCount":0,"shouldDisplayMessage":false},{"name":"When  The user clicks on the title of the first news","time":{"start":1666187319651,"stop":1666187319651,"duration":0},"status":"skipped","steps":[],"attachments":[],"parameters":[],"hasContent":false,"stepsCount":0,"attachmentsCount":0,"shouldDisplayMessage":false},{"name":"Then  The user is on the selected news page","time":{"start":1666187319652,"stop":1666187319652,"duration":0},"status":"skipped","steps":[],"attachments":[],"parameters":[],"hasContent":false,"stepsCount":0,"attachmentsCount":0,"shouldDisplayMessage":false},{"name":"When  The user clicks the Facebook icon","time":{"start":1666187319652,"stop":1666187319653,"duration":1},"status":"skipped","steps":[],"attachments":[],"parameters":[],"hasContent":false,"stepsCount":0,"attachmentsCount":0,"shouldDisplayMessage":false},{"name":"Then  The Facebook share window is displayed","time":{"start":1666187319653,"stop":1666187319654,"duration":1},"status":"skipped","steps":[],"attachments":[],"parameters":[],"hasContent":false,"stepsCount":0,"attachmentsCount":0,"shouldDisplayMessage":false}],"attachments":[],"parameters":[],"hasContent":true,"stepsCount":6,"attachmentsCount":0,"shouldDisplayMessage":true},"afterStages":[{"name":"com.prisa.poc.stepDefinitions.Hooks.tearDown(io.cucumber.java.Scenario)","time":{"start":1666187319654,"stop":1666187319655,"duration":1},"status":"broken","statusMessage":"AFTER is failed: null","statusTrace":"java.lang.NullPointerException\n\tat com.prisa.poc.stepDefinitions.Hooks.tearDown(Hooks.java:70)\n","steps":[],"attachments":[],"parameters":[],"hasContent":true,"stepsCount":0,"attachmentsCount":0,"shouldDisplayMessage":true}],"labels":[{"name":"tag","value":"as.com"},{"name":"tag","value":"Case03"},{"name":"tag","value":"Facebook"},{"name":"host","value":"fv-az447-90"},{"name":"thread","value":"1716@fv-az447-90.main(1)"},{"name":"feature","value":"Feature - Diario AS proof of concept for Prisa"},{"name":"story","value":"Scenario - Share news with Facebook"},{"name":"suite","value":"Feature - Diario AS proof of concept for Prisa"},{"name":"testClass","value":"Scenario - Share news with Facebook"},{"name":"framework","value":"cucumber4jvm"},{"name":"language","value":"java"},{"name":"gherkin_uri","value":"file:///home/runner/work/POC_Selenium/POC_Selenium/src/test/resources/functionalTest/diarioAS.feature"},{"name":"package","value":"src.test.resources.functionalTest.diarioAS_feature.Feature - Diario AS proof of concept for Prisa"},{"name":"resultFormat","value":"allure2"}],"parameters":[],"links":[{"name":"1234","type":"issue"},{"name":"4321","type":"tms"}],"hidden":false,"retry":false,"extra":{"severity":"normal","retries":[],"categories":[],"history":{"statistic":{"failed":0,"broken":1,"skipped":3,"passed":1,"unknown":0,"total":5},"items":[{"uid":"887a91c45014616c","reportUrl":"https://hiberus-prisa-qa-devops.github.io/POC_Selenium/61//#testresult/887a91c45014616c","status":"broken","statusDetails":"Build info: version: '4.5.0', revision: 'fe167b119a'\nSystem info: os.name: 'Mac OS X', os.arch: 'x86_64', os.version: '12.6', java.version: '11.0.16.1'\nDriver info: org.openqa.selenium.safari.SafariDriver\nCommand: [743645F9-F2F6-432A-B189-701C42CBE7E9, findElement {using=xpath, value=//a[@name='Navegar a facebook']}]\nCapabilities {acceptInsecureCerts: false, browserName: Safari, browserVersion: 16.0, platformName: MAC, safari:automaticInspection: false, safari:automaticProfiling: false, safari:diagnose: false, safari:platformBuildVersion: 21G115, safari:platformVersion: 12.6, safari:useSimulator: false, setWindowRect: true, strictFileInteractability: false, webkit:WebRTC: {DisableICECandidateFiltering: false, DisableInsecureMediaCapture: false}}\nSession ID: 743645F9-F2F6-432A-B189-701C42CBE7E9","time":{"start":1666187155290,"stop":1666187175482,"duration":20192}},{"uid":"8f2747dbad697bdf","reportUrl":"https://hiberus-prisa-qa-devops.github.io/POC_Selenium/60//#testresult/8f2747dbad697bdf","status":"passed","time":{"start":1666185442715,"stop":1666185480291,"duration":37576}},{"uid":"768b0f2835efb959","reportUrl":"https://hiberus-prisa-qa-devops.github.io/POC_Selenium/59//#testresult/768b0f2835efb959","status":"skipped","statusDetails":"Could not start a new session. Response code 500. Message: unknown error: Chrome failed to start: exited abnormally.\n  (unknown error: DevToolsActivePort file doesn't exist)\n  (The process started from chrome location /usr/bin/google-chrome is no longer running, so ChromeDriver is assuming that Chrome has crashed.) \nHost info: host: 'fv-az456-432', ip: '10.1.1.214'\nBuild info: version: '4.5.0', revision: 'fe167b119a'\nSystem info: os.name: 'Linux', os.arch: 'amd64', os.version: '5.15.0-1021-azure', java.version: '11.0.16.1'\nDriver info: org.openqa.selenium.chrome.ChromeDriver\nCommand: [null, newSession {capabilities=[Capabilities {browserName: chrome, goog:chromeOptions: {args: [start-maximized, disable-infobars, --disable-extensions, --disable-gpu, --disable-dev-shm-usage, --no-sandbox, --crash-dumps-dir=/tmp], extensions: [], useAutomationExtension: false}}], desiredCapabilities=Capabilities {browserName: chrome, goog:chromeOptions: {args: [start-maximized, disable-infobars, --disable-extensions, --disable-gpu, --disable-dev-shm-usage, --no-sandbox, --crash-dumps-dir=/tmp], extensions: [], useAutomationExtension: false}}}]","time":{"start":1666185156281,"stop":1666185156487,"duration":206}},{"uid":"c020273aec46efe8","reportUrl":"https://hiberus-prisa-qa-devops.github.io/POC_Selenium/58//#testresult/c020273aec46efe8","status":"skipped","statusDetails":"Could not start a new session. Response code 500. Message: unknown error: Chrome failed to start: exited abnormally.\n  (unknown error: DevToolsActivePort file doesn't exist)\n  (The process started from chrome location /usr/bin/google-chrome is no longer running, so ChromeDriver is assuming that Chrome has crashed.) \nHost info: host: 'fv-az259-11', ip: '10.1.1.104'\nBuild info: version: '4.5.0', revision: 'fe167b119a'\nSystem info: os.name: 'Linux', os.arch: 'amd64', os.version: '5.15.0-1020-azure', java.version: '11.0.16.1'\nDriver info: org.openqa.selenium.chrome.ChromeDriver\nCommand: [null, newSession {capabilities=[Capabilities {browserName: chrome, goog:chromeOptions: {args: [start-maximized, disable-infobars, --disable-extensions, --disable-gpu, --disable-dev-shm-usage, --no-sandbox], extensions: [], useAutomationExtension: false}}], desiredCapabilities=Capabilities {browserName: chrome, goog:chromeOptions: {args: [start-maximized, disable-infobars, --disable-extensions, --disable-gpu, --disable-dev-shm-usage, --no-sandbox], extensions: [], useAutomationExtension: false}}}]","time":{"start":1666184931705,"stop":1666184931910,"duration":205}}]},"tags":["Case03","as.com","Facebook"]},"source":"31b564167990770e.json","parameterValues":[]}