{"uid":"d60dfe0fab532e14","name":"Scenario - Return to home from a football page","fullName":"Feature - Diario AS proof of concept for Prisa: Scenario - Return to home from a football page","historyId":"2ff4243d6a60d4193423e8d2e5ba7d8f","time":{"start":1666187319548,"stop":1666187319596,"duration":48},"status":"skipped","statusMessage":"Unable to find driver executable: /usr/bin/safaridriver(SafariDriver requires Safari 10 running on OSX El Capitan or greater.)\nBuild info: version: '4.5.0', revision: 'fe167b119a'\nSystem info: os.name: 'Linux', os.arch: 'amd64', os.version: '5.15.0-1020-azure', java.version: '11.0.16.1'\nDriver info: driver.version: SafariDriver","statusTrace":"org.openqa.selenium.WebDriverException: Unable to find driver executable: /usr/bin/safaridriver(SafariDriver requires Safari 10 running on OSX El Capitan or greater.)\nBuild info: version: '4.5.0', revision: 'fe167b119a'\nSystem info: os.name: 'Linux', os.arch: 'amd64', os.version: '5.15.0-1020-azure', java.version: '11.0.16.1'\nDriver info: driver.version: SafariDriver\n\tat org.openqa.selenium.safari.SafariDriverService$Builder.findDefaultExecutable(SafariDriverService.java:110)\n\tat org.openqa.selenium.remote.service.DriverService$Builder.build(DriverService.java:437)\n\tat org.openqa.selenium.safari.SafariDriverService.createDefaultService(SafariDriverService.java:67)\n\tat org.openqa.selenium.safari.SafariDriver.<init>(SafariDriver.java:60)\n\tat org.openqa.selenium.safari.SafariDriver.<init>(SafariDriver.java:49)\n\tat com.prisa.poc.stepDefinitions.Hooks.setUp(Hooks.java:44)\n","flaky":false,"newFailed":false,"newBroken":false,"newPassed":false,"retriesCount":0,"retriesStatusChange":false,"beforeStages":[{"name":"com.prisa.poc.stepDefinitions.Hooks.setUp()","time":{"start":1666187319553,"stop":1666187319573,"duration":20},"status":"broken","statusMessage":"BEFORE is failed: Unable to find driver executable: /usr/bin/safaridriver(SafariDriver requires Safari 10 running on OSX El Capitan or greater.)\nBuild info: version: '4.5.0', revision: 'fe167b119a'\nSystem info: os.name: 'Linux', os.arch: 'amd64', os.version: '5.15.0-1020-azure', java.version: '11.0.16.1'\nDriver info: driver.version: SafariDriver","statusTrace":"org.openqa.selenium.WebDriverException: Unable to find driver executable: /usr/bin/safaridriver(SafariDriver requires Safari 10 running on OSX El Capitan or greater.)\nBuild info: version: '4.5.0', revision: 'fe167b119a'\nSystem info: os.name: 'Linux', os.arch: 'amd64', os.version: '5.15.0-1020-azure', java.version: '11.0.16.1'\nDriver info: driver.version: SafariDriver\n\tat org.openqa.selenium.safari.SafariDriverService$Builder.findDefaultExecutable(SafariDriverService.java:110)\n\tat org.openqa.selenium.remote.service.DriverService$Builder.build(DriverService.java:437)\n\tat org.openqa.selenium.safari.SafariDriverService.createDefaultService(SafariDriverService.java:67)\n\tat org.openqa.selenium.safari.SafariDriver.<init>(SafariDriver.java:60)\n\tat org.openqa.selenium.safari.SafariDriver.<init>(SafariDriver.java:49)\n\tat com.prisa.poc.stepDefinitions.Hooks.setUp(Hooks.java:44)\n","steps":[],"attachments":[],"parameters":[],"hasContent":true,"stepsCount":0,"attachmentsCount":0,"shouldDisplayMessage":true}],"testStage":{"status":"skipped","statusMessage":"Unable to find driver executable: /usr/bin/safaridriver(SafariDriver requires Safari 10 running on OSX El Capitan or greater.)\nBuild info: version: '4.5.0', revision: 'fe167b119a'\nSystem info: os.name: 'Linux', os.arch: 'amd64', os.version: '5.15.0-1020-azure', java.version: '11.0.16.1'\nDriver info: driver.version: SafariDriver","statusTrace":"org.openqa.selenium.WebDriverException: Unable to find driver executable: /usr/bin/safaridriver(SafariDriver requires Safari 10 running on OSX El Capitan or greater.)\nBuild info: version: '4.5.0', revision: 'fe167b119a'\nSystem info: os.name: 'Linux', os.arch: 'amd64', os.version: '5.15.0-1020-azure', java.version: '11.0.16.1'\nDriver info: driver.version: SafariDriver\n\tat org.openqa.selenium.safari.SafariDriverService$Builder.findDefaultExecutable(SafariDriverService.java:110)\n\tat org.openqa.selenium.remote.service.DriverService$Builder.build(DriverService.java:437)\n\tat org.openqa.selenium.safari.SafariDriverService.createDefaultService(SafariDriverService.java:67)\n\tat org.openqa.selenium.safari.SafariDriver.<init>(SafariDriver.java:60)\n\tat org.openqa.selenium.safari.SafariDriver.<init>(SafariDriver.java:49)\n\tat com.prisa.poc.stepDefinitions.Hooks.setUp(Hooks.java:44)\n","steps":[{"name":"Given  The user is on the as.com home page","time":{"start":1666187319578,"stop":1666187319581,"duration":3},"status":"skipped","steps":[],"attachments":[],"parameters":[],"hasContent":false,"stepsCount":0,"attachmentsCount":0,"shouldDisplayMessage":false},{"name":"And  The user accepts cookies pop-up","time":{"start":1666187319583,"stop":1666187319585,"duration":2},"status":"skipped","steps":[],"attachments":[],"parameters":[],"hasContent":false,"stepsCount":0,"attachmentsCount":0,"shouldDisplayMessage":false},{"name":"When  The user access Atletico de Madrid within the Futbol section","time":{"start":1666187319585,"stop":1666187319586,"duration":1},"status":"skipped","steps":[],"attachments":[],"parameters":[],"hasContent":false,"stepsCount":0,"attachmentsCount":0,"shouldDisplayMessage":false},{"name":"And  The user clicks on the banner AS logo","time":{"start":1666187319586,"stop":1666187319587,"duration":1},"status":"skipped","steps":[],"attachments":[],"parameters":[],"hasContent":false,"stepsCount":0,"attachmentsCount":0,"shouldDisplayMessage":false},{"name":"Then  The user is redirected to the home page","time":{"start":1666187319587,"stop":1666187319588,"duration":1},"status":"skipped","steps":[],"attachments":[],"parameters":[],"hasContent":false,"stepsCount":0,"attachmentsCount":0,"shouldDisplayMessage":false}],"attachments":[],"parameters":[],"hasContent":true,"stepsCount":5,"attachmentsCount":0,"shouldDisplayMessage":true},"afterStages":[{"name":"com.prisa.poc.stepDefinitions.Hooks.tearDown(io.cucumber.java.Scenario)","time":{"start":1666187319588,"stop":1666187319589,"duration":1},"status":"broken","statusMessage":"AFTER is failed: null","statusTrace":"java.lang.NullPointerException\n\tat com.prisa.poc.stepDefinitions.Hooks.tearDown(Hooks.java:70)\n","steps":[],"attachments":[],"parameters":[],"hasContent":true,"stepsCount":0,"attachmentsCount":0,"shouldDisplayMessage":true}],"labels":[{"name":"tag","value":"as.com"},{"name":"tag","value":"Case02"},{"name":"tag","value":"Home"},{"name":"severity","value":"critical"},{"name":"host","value":"fv-az447-90"},{"name":"thread","value":"1716@fv-az447-90.main(1)"},{"name":"feature","value":"Feature - Diario AS proof of concept for Prisa"},{"name":"story","value":"Scenario - Return to home from a football page"},{"name":"suite","value":"Feature - Diario AS proof of concept for Prisa"},{"name":"testClass","value":"Scenario - Return to home from a football page"},{"name":"framework","value":"cucumber4jvm"},{"name":"language","value":"java"},{"name":"gherkin_uri","value":"file:///home/runner/work/POC_Selenium/POC_Selenium/src/test/resources/functionalTest/diarioAS.feature"},{"name":"package","value":"src.test.resources.functionalTest.diarioAS_feature.Feature - Diario AS proof of concept for Prisa"},{"name":"resultFormat","value":"allure2"}],"parameters":[],"links":[{"name":"1234","type":"issue"},{"name":"4321","type":"tms"}],"hidden":false,"retry":false,"extra":{"severity":"critical","retries":[],"categories":[],"history":{"statistic":{"failed":0,"broken":1,"skipped":3,"passed":1,"unknown":0,"total":5},"items":[{"uid":"b584eb878c0690ed","reportUrl":"https://hiberus-prisa-qa-devops.github.io/POC_Selenium/61//#testresult/b584eb878c0690ed","status":"broken","statusDetails":"java.lang.reflect.InvocationTargetException\nBuild info: version: '4.5.0', revision: 'fe167b119a'\nSystem info: os.name: 'Mac OS X', os.arch: 'x86_64', os.version: '12.6', java.version: '11.0.16.1'\nDriver info: org.openqa.selenium.safari.SafariDriver\nCommand: [BA1500DE-B72E-4515-BED7-0D78872DA29E, actions {actions=[org.openqa.selenium.interactions.Sequence@7b53b1ad]}]\nCapabilities {acceptInsecureCerts: false, browserName: Safari, browserVersion: 16.0, platformName: MAC, safari:automaticInspection: false, safari:automaticProfiling: false, safari:diagnose: false, safari:platformBuildVersion: 21G115, safari:platformVersion: 12.6, safari:useSimulator: false, setWindowRect: true, strictFileInteractability: false, webkit:WebRTC: {DisableICECandidateFiltering: false, DisableInsecureMediaCapture: false}}\nSession ID: BA1500DE-B72E-4515-BED7-0D78872DA29E","time":{"start":1666187124812,"stop":1666187155122,"duration":30310}},{"uid":"f41cca48bfeda826","reportUrl":"https://hiberus-prisa-qa-devops.github.io/POC_Selenium/60//#testresult/f41cca48bfeda826","status":"passed","time":{"start":1666185399938,"stop":1666185442701,"duration":42763}},{"uid":"ba02e2f84fa5d7f7","reportUrl":"https://hiberus-prisa-qa-devops.github.io/POC_Selenium/59//#testresult/ba02e2f84fa5d7f7","status":"skipped","statusDetails":"Could not start a new session. Response code 500. Message: unknown error: Chrome failed to start: exited abnormally.\n  (unknown error: DevToolsActivePort file doesn't exist)\n  (The process started from chrome location /usr/bin/google-chrome is no longer running, so ChromeDriver is assuming that Chrome has crashed.) \nHost info: host: 'fv-az456-432', ip: '10.1.1.214'\nBuild info: version: '4.5.0', revision: 'fe167b119a'\nSystem info: os.name: 'Linux', os.arch: 'amd64', os.version: '5.15.0-1021-azure', java.version: '11.0.16.1'\nDriver info: org.openqa.selenium.chrome.ChromeDriver\nCommand: [null, newSession {capabilities=[Capabilities {browserName: chrome, goog:chromeOptions: {args: [start-maximized, disable-infobars, --disable-extensions, --disable-gpu, --disable-dev-shm-usage, --no-sandbox, --crash-dumps-dir=/tmp], extensions: [], useAutomationExtension: false}}], desiredCapabilities=Capabilities {browserName: chrome, goog:chromeOptions: {args: [start-maximized, disable-infobars, --disable-extensions, --disable-gpu, --disable-dev-shm-usage, --no-sandbox, --crash-dumps-dir=/tmp], extensions: [], useAutomationExtension: false}}}]","time":{"start":1666185155935,"stop":1666185156263,"duration":328}},{"uid":"811670bf8cdc1d2f","reportUrl":"https://hiberus-prisa-qa-devops.github.io/POC_Selenium/58//#testresult/811670bf8cdc1d2f","status":"skipped","statusDetails":"Could not start a new session. Response code 500. Message: unknown error: Chrome failed to start: exited abnormally.\n  (unknown error: DevToolsActivePort file doesn't exist)\n  (The process started from chrome location /usr/bin/google-chrome is no longer running, so ChromeDriver is assuming that Chrome has crashed.) \nHost info: host: 'fv-az259-11', ip: '10.1.1.104'\nBuild info: version: '4.5.0', revision: 'fe167b119a'\nSystem info: os.name: 'Linux', os.arch: 'amd64', os.version: '5.15.0-1020-azure', java.version: '11.0.16.1'\nDriver info: org.openqa.selenium.chrome.ChromeDriver\nCommand: [null, newSession {capabilities=[Capabilities {browserName: chrome, goog:chromeOptions: {args: [start-maximized, disable-infobars, --disable-extensions, --disable-gpu, --disable-dev-shm-usage, --no-sandbox], extensions: [], useAutomationExtension: false}}], desiredCapabilities=Capabilities {browserName: chrome, goog:chromeOptions: {args: [start-maximized, disable-infobars, --disable-extensions, --disable-gpu, --disable-dev-shm-usage, --no-sandbox], extensions: [], useAutomationExtension: false}}}]","time":{"start":1666184931311,"stop":1666184931684,"duration":373}}]},"tags":["Case02","as.com","Home"]},"source":"d60dfe0fab532e14.json","parameterValues":[]}